Feature Policy: Skipping unsupported feature name “cross-origin-isolated”. api.js:1:34392
Feature Policy: Skipping unsupported feature name “autoplay”. api.js:1:34392
Feature Policy: Skipping unsupported feature name “keyboard-map”. api.js:1:34392
Feature Policy: Skipping unsupported feature name “cross-origin-isolated”. api.js:1:34430
Feature Policy: Skipping unsupported feature name “autoplay”. api.js:1:34430
Feature Policy: Skipping unsupported feature name “keyboard-map”. api.js:1:34430
Feature Policy: Skipping unsupported feature name “cross-origin-isolated”. api.js:1:35235
Feature Policy: Skipping unsupported feature name “autoplay”. api.js:1:35235
Feature Policy: Skipping unsupported feature name “keyboard-map”. api.js:1:35235
Feature Policy: Skipping unsupported feature name “cross-origin-isolated”. api.js:1:28427
Feature Policy: Skipping unsupported feature name “autoplay”. api.js:1:28427
Feature Policy: Skipping unsupported feature name “keyboard-map”. api.js:1:28427
Feature Policy: Skipping unsupported feature name “cross-origin-isolated”. api.js:1:28427
Feature Policy: Skipping unsupported feature name “autoplay”. api.js:1:28427
Feature Policy: Skipping unsupported feature name “keyboard-map”. api.js:1:28427
Feature Policy: Skipping unsupported feature name “cross-origin-isolated”. api.js:1:28447
Feature Policy: Skipping unsupported feature name “autoplay”. api.js:1:28447
Feature Policy: Skipping unsupported feature name “keyboard-map”. api.js:1:28447
Feature Policy: Skipping unsupported feature name “cross-origin-isolated”. api.js:1:28584
Feature Policy: Skipping unsupported feature name “autoplay”. api.js:1:28584
Feature Policy: Skipping unsupported feature name “keyboard-map”. api.js:1:28584
Content-Security-Policy: The page’s settings blocked an inline script (script-src-elem) from being executed because it violates the following directive: “script-src 'nonce-ksFnWi8AHIbFuaPj' 'unsafe-eval'”. Consider using a hash ('sha256-LnoONW4ONSKzoUVbRCgadOCnckAnXc+RWCIoEyuccVE=') or a nonce. content.js:71:183
Content-Security-Policy: The page’s settings blocked an inline script (script-src-elem) from being executed because it violates the following directive: “script-src 'nonce-ksFnWi8AHIbFuaPj' 'unsafe-eval'”. Consider using a hash ('sha256-xWcRjO2WS6OdzsaNao3ltC8RKQ06KqtJvxGFmt6oGvU=') or a nonce. content.js:71:183
Content-Security-Policy: The page’s settings blocked an inline script (script-src-elem) from being executed because it violates the following directive: “script-src 'nonce-ksFnWi8AHIbFuaPj' 'unsafe-eval'”. Consider using a hash ('sha256-7PZaH7TzFg4JdT5xJguN7Och6VcMcP1LW4N3fQ936Fs=') or a nonce. utils.js:41:10
Content-Security-Policy: The page’s settings blocked an inline script (script-src-elem) from being executed because it violates the following directive: “script-src 'nonce-ksFnWi8AHIbFuaPj' 'unsafe-eval'”. Consider using a hash ('sha256-MqH8JJslY2fF2bGYY1rZlpCNrRCnWKRzrrDefixUJTI=') or a nonce. utils.js:41:10
Content-Security-Policy: The page’s settings blocked an inline script (script-src-elem) from being executed because it violates the following directive: “script-src 'nonce-ksFnWi8AHIbFuaPj' 'unsafe-eval'”. Consider using a hash ('sha256-ZswfTY7H35rbv8WC7NXBoiC7WNu86vSzCDChNWwZZDM=') or a nonce. utils.js:41:10
Partitioned cookie or storage access was provided to “https://challenges.cloudflare.com/cdn-cgi/challenge-platform/h/g/turnstile/f/ov2/av0/rch/0oa1u/0x4AAAAAABgkt_RFOUv2GXeS/auto/fbE/auto_timeout/normal?lang=auto” because it is loaded in the third-party context and dynamic state partitioning is enabled. autofill.js:1607:7
Request for font "Roboto" blocked at visibility level 2 (requires 3)
3 normal
Window.fullScreen attribute is deprecated and will be removed in the future. normal:1:37869
InstallTrigger is deprecated and will be removed in the future. normal:1:37869
onmozfullscreenchange is deprecated. normal:1:37869
onmozfullscreenerror is deprecated. normal:1:37869
WEBGL_debug_renderer_info is deprecated in Firefox and will be removed. Please use RENDERER. normal:1:107231
Content-Security-Policy: The page’s settings blocked an inline script (script-src-elem) from being executed because it violates the following directive: “script-src 'nonce-ksFnWi8AHIbFuaPj' 'unsafe-eval'”. Consider using a hash ('sha256-XgKpvXPhOxINIFR97+KYDncv1l9Tqg/sZn+epwTQvi8=') or a nonce. 2 content.js:71:183
Content-Security-Policy: The page’s settings blocked an inline script (script-src-elem) from being executed because it violates the following directive: “script-src 'nonce-ksFnWi8AHIbFuaPj' 'unsafe-eval'”. Consider using a hash ('sha256-tRjC0kJY5EdAA4hrxLgYrtUrdGQV+sg24XrNNnpnCfI=') or a nonce. 2 content.js:71:183
<empty string> normal:1:107231
Content-Security-Policy: The page’s settings blocked an inline script (script-src-elem) from being executed because it violates the following directive: “script-src 'nonce-ksFnWi8AHIbFuaPj' 'unsafe-eval'”. Consider using a hash ('sha256-7PZaH7TzFg4JdT5xJguN7Och6VcMcP1LW4N3fQ936Fs=') or a nonce. 2 utils.js:41:10
Content-Security-Policy: The page’s settings blocked an inline script (script-src-elem) from being executed because it violates the following directive: “script-src 'nonce-ksFnWi8AHIbFuaPj' 'unsafe-eval'”. Consider using a hash ('sha256-MqH8JJslY2fF2bGYY1rZlpCNrRCnWKRzrrDefixUJTI=') or a nonce. 2 utils.js:41:10
Content-Security-Policy: The page’s settings blocked an inline script (script-src-elem) from being executed because it violates the following directive: “script-src 'nonce-ksFnWi8AHIbFuaPj' 'unsafe-eval'”. Consider using a hash ('sha256-ZswfTY7H35rbv8WC7NXBoiC7WNu86vSzCDChNWwZZDM=') or a nonce. 2 utils.js:41:10
Request for font "Roboto" blocked at visibility level 2 (requires 3)
6 normal:1:107231
Request for the Private Access Token challenge. normal:1:107231
The resource at “https://challenges.cloudflare.com/cdn-cgi/challenge-platform/h/g/cmg/1” preloaded with link preload was not used within a few seconds. Make sure all attributes of the preload tag are set correctly. normal
